Arguments: 
  D:\Programs\nodejs\node.exe D:\Programs\Yarn\bin\yarn.js add *

PATH: 
  C:\Program Files (x86)\Common Files\Oracle\Java\javapath;C:\Program Files\AdoptOpenJDK\jdk-8.0.265.01-openj9\bin;C:\Python38\Scripts\;C:\Python38\;C:\Windows\system32;C:\Windows;C:\Windows\System32\Wbem;C:\Windows\System32\WindowsPowerShell\v1.0\;C:\Windows\System32\OpenSSH\;C:\Program Files\NVIDIA Corporation\NVIDIA NvDLISR;D:\Programs\nodejs\;D:\Programs\Yarn\bin\;C:\ProgramData\chocolatey\bin;D:\Programs\Git\cmd;C:\Program Files (x86)\NVIDIA Corporation\PhysX\Common;C:\Users\SoundOfTheSky\AppData\Local\Microsoft\WindowsApps;C:\Users\SoundOfTheSky\AppData\Roaming\npm;C:\Users\SoundOfTheSky\AppData\Local\Yarn\bin;D:\Programs\Microsoft VS Code\bin

Yarn version: 
  1.22.4

Node version: 
  14.8.0

Platform: 
  win32 x64

Trace: 
  Error: https://registry.yarnpkg.com/*: Not found
      at Request.params.callback [as _callback] (D:\Programs\Yarn\lib\cli.js:66096:18)
      at Request.self.callback (D:\Programs\Yarn\lib\cli.js:140748:22)
      at Request.emit (events.js:314:20)
      at Request.<anonymous> (D:\Programs\Yarn\lib\cli.js:141720:10)
      at Request.emit (events.js:314:20)
      at IncomingMessage.<anonymous> (D:\Programs\Yarn\lib\cli.js:141642:12)
      at Object.onceWrapper (events.js:420:28)
      at IncomingMessage.emit (events.js:326:22)
      at endReadableNT (_stream_readable.js:1244:12)
      at processTicksAndRejections (internal/process/task_queues.js:80:21)

npm manifest: 
  No manifest

yarn manifest: 
  No manifest

Lockfile: 
  No lockfile
